0
0
0
0
0
0
6
56
20
8
0
20
0
7
0
8
3
0
8
8
2
0
2
7
3
5
20
20
8
0
0
0
0
0
20
0
5
8
331
6
1
0
0
6
0
0
0
7
1
3
0
20
0
177
3
15
7
0
0
0
0
3
0
6
23
0
7
193
2
0
0
8
0
7
2
0
0
177
7
3
0
1
0
15
0
0
0
0
0
40
6
40
23
1
6
2
8
0
0
11
367
23
2
3
0
0
20
2
1
8
0
64
0
0
331
1
1
0
0
2
1
3
0
0
0
40
1
1
0
0
0
0
28
11
40
3
0
2
0
0
0
0
0
23
28
25
7
0
3
331
0
7
0
0
1
0
3
0
0
0
0
419
16
0
23
2
0
0
5
0
0
0
14
0
0
0
0
0
2
0
2
6
0
3
0
0
25
20
1
0
0
5
0
2
0
0
7
0
12
71
0
106
1
15
57
0
0
1
1
10
3
9
71
1
0
0
1
0
0
0
0
2
2
6
2
0
64
12
2
0
0
0
64
2
25
0
5
111
40
2
119
0
0
0
6
0
2
0
7
13
0
0
6
4
1
6
111
0
10
7
2
0
0
0
27
0
0
2
11
0
4
419
0
0
16
1
0
0
12
0
0
6
119
0
0
73
4
2
0
0
105
0
105
0
2
2
38
5
7
0
2
0
1
0
2
3
0
1
56
19
0
0
0
1
40
2
0
0
0
0
1
0
0
0
7
0
0
4
4
0
0
0
0
1
2
2
0
5
0
2
0
3
0
15
8
2
15
103
71
0
0
0
179
0
9
0
0
0
0
0
1
100
40
0
0
25
39
0
111
23
62
45
0
16
8
0
193
13
0
0
0
0
8
1
0
2
0
0
0
0
0
15
1
0
0
0
8
0
0
0
71
0
0
0
0
10
1
0
0
0
0
1
0
0
0
0
0
4
1
27
0
0
0
0
0
0
4
0
1
0
0
13
17
4
106
0
0
0
0
0
0
1
0
12
0
1
15
0
23
25
15
331
0
17
0
0
1
5
0
10
179
0
0
1
1
0
0
0
4
5
0
1
0
0
13
2
0
0
0
0
106
119
0
0
13
0
1
0
0
6
73
100
0
12
0
16
5
18
0
0
